# JRE version: OpenJDK Runtime Environment (8.0_191-b12) (build 1.8.0_191-8u191-b12-2ubuntu0.16.04.1-b12)
# Java VM: OpenJDK 64-Bit Server VM (25.191-b12 mixed mode linux-amd64 compressed oops)
Heap:
 PSYoungGen      total 173568K, used 20938K [0x0000000718f00000, 0x0000000725200000, 0x00000007c0000000)
  eden space 157696K, 13% used [0x0000000718f00000,0x000000071a372958,0x0000000722900000)
  from space 15872K, 0% used [0x0000000724280000,0x0000000724280000,0x0000000725200000)
  to   space 20992K, 0% used [0x0000000722900000,0x0000000722900000,0x0000000723d80000)
 ParOldGen       total 397824K, used 15131K [0x00000005cac00000, 0x00000005e3080000, 0x0000000718f00000)
  object space 397824K, 3% used [0x00000005cac00000,0x00000005cbac6e90,0x00000005e3080000)
 Metaspace       used 35295K, capacity 36900K, committed 37208K, reserved 1081344K
  class space    used 4440K, capacity 4750K, committed 4864K, reserved 1048576K
GC Heap History (10 events):
Event: 0,877 GC heap before
{Heap before GC invocations=2 (full 0):
 PSYoungGen      total 150016K, used 132992K [0x0000000718f00000, 0x0000000723600000, 0x00000007c0000000)
  eden space 129024K, 100% used [0x0000000718f00000,0x0000000720d00000,0x0000000720d00000)
  from space 20992K, 18% used [0x0000000720d00000,0x00000007210e0000,0x0000000722180000)
  to   space 20992K, 0% used [0x0000000722180000,0x0000000722180000,0x0000000723600000)
 ParOldGen       total 343040K, used 16K [0x00000005cac00000, 0x00000005dfb00000, 0x0000000718f00000)
  object space 343040K, 0% used [0x00000005cac00000,0x00000005cac04000,0x00000005dfb00000)
 Metaspace       used 20631K, capacity 21144K, committed 21248K, reserved 1067008K
  class space    used 2581K, capacity 2732K, committed 2816K, reserved 1048576K
Event: 0,883 GC heap after
Heap after GC invocations=2 (full 0):
 PSYoungGen      total 150016K, used 5664K [0x0000000718f00000, 0x000000072b400000, 0x00000007c0000000)
  eden space 129024K, 0% used [0x0000000718f00000,0x0000000718f00000,0x0000000720d00000)
  from space 20992K, 26% used [0x0000000722180000,0x0000000722708000,0x0000000723600000)
  to   space 20992K, 0% used [0x0000000720d00000,0x0000000720d00000,0x0000000722180000)
 ParOldGen       total 343040K, used 24K [0x00000005cac00000, 0x00000005dfb00000, 0x0000000718f00000)
  object space 343040K, 0% used [0x00000005cac00000,0x00000005cac06000,0x00000005dfb00000)
 Metaspace       used 20631K, capacity 21144K, committed 21248K, reserved 1067008K
  class space    used 2581K, capacity 2732K, committed 2816K, reserved 1048576K
}
Event: 0,883 GC heap before
{Heap before GC invocations=3 (full 1):
 PSYoungGen      total 150016K, used 5664K [0x0000000718f00000, 0x000000072b400000, 0x00000007c0000000)
  eden space 129024K, 0% used [0x0000000718f00000,0x0000000718f00000,0x0000000720d00000)
  from space 20992K, 26% used [0x0000000722180000,0x0000000722708000,0x0000000723600000)
  to   space 20992K, 0% used [0x0000000720d00000,0x0000000720d00000,0x0000000722180000)
 ParOldGen       total 343040K, used 24K [0x00000005cac00000, 0x00000005dfb00000, 0x0000000718f00000)
  object space 343040K, 0% used [0x00000005cac00000,0x00000005cac06000,0x00000005dfb00000)
 Metaspace       used 20631K, capacity 21144K, committed 21248K, reserved 1067008K
  class space    used 2581K, capacity 2732K, committed 2816K, reserved 1048576K
Event: 0,910 GC heap after
Heap after GC invocations=3 (full 1):
 PSYoungGen      total 150016K, used 0K [0x0000000718f00000, 0x000000072b400000, 0x00000007c0000000)
  eden space 129024K, 0% used [0x0000000718f00000,0x0000000718f00000,0x0000000720d00000)
  from space 20992K, 0% used [0x0000000722180000,0x0000000722180000,0x0000000723600000)
  to   space 20992K, 0% used [0x0000000720d00000,0x0000000720d00000,0x0000000722180000)
 ParOldGen       total 226816K, used 5507K [0x00000005cac00000, 0x00000005d8980000, 0x0000000718f00000)
  object space 226816K, 2% used [0x00000005cac00000,0x00000005cb160ea0,0x00000005d8980000)
 Metaspace       used 20630K, capacity 21138K, committed 21248K, reserved 1067008K
  class space    used 2580K, capacity 2731K, committed 2816K, reserved 1048576K
}
Event: 1,698 GC heap before
{Heap before GC invocations=4 (full 1):
 PSYoungGen      total 150016K, used 129024K [0x0000000718f00000, 0x000000072b400000, 0x00000007c0000000)
  eden space 129024K, 100% used [0x0000000718f00000,0x0000000720d00000,0x0000000720d00000)
  from space 20992K, 0% used [0x0000000722180000,0x0000000722180000,0x0000000723600000)
  to   space 20992K, 0% used [0x0000000720d00000,0x0000000720d00000,0x0000000722180000)
 ParOldGen       total 226816K, used 5507K [0x00000005cac00000, 0x00000005d8980000, 0x0000000718f00000)
  object space 226816K, 2% used [0x00000005cac00000,0x00000005cb160ea0,0x00000005d8980000)
 Metaspace       used 29654K, capacity 30866K, committed 31232K, reserved 1077248K
  class space    used 3706K, capacity 3971K, committed 4096K, reserved 1048576K
Event: 1,704 GC heap after
Heap after GC invocations=4 (full 1):
 PSYoungGen      total 150016K, used 9268K [0x0000000718f00000, 0x0000000725700000, 0x00000007c0000000)
  eden space 129024K, 0% used [0x0000000718f00000,0x0000000718f00000,0x0000000720d00000)
  from space 20992K, 44% used [0x0000000720d00000,0x000000072160d280,0x0000000722180000)
  to   space 20992K, 0% used [0x0000000724280000,0x0000000724280000,0x0000000725700000)
 ParOldGen       total 226816K, used 5579K [0x00000005cac00000, 0x00000005d8980000, 0x0000000718f00000)
  object space 226816K, 2% used [0x00000005cac00000,0x00000005cb172eb0,0x00000005d8980000)
 Metaspace       used 29654K, capacity 30866K, committed 31232K, reserved 1077248K
  class space    used 3706K, capacity 3971K, committed 4096K, reserved 1048576K
}
Event: 4,219 GC heap before
{Heap before GC invocations=5 (full 1):
 PSYoungGen      total 150016K, used 102151K [0x0000000718f00000, 0x0000000725700000, 0x00000007c0000000)
  eden space 129024K, 71% used [0x0000000718f00000,0x000000071e9b4cb0,0x0000000720d00000)
  from space 20992K, 44% used [0x0000000720d00000,0x000000072160d280,0x0000000722180000)
  to   space 20992K, 0% used [0x0000000724280000,0x0000000724280000,0x0000000725700000)
 ParOldGen       total 226816K, used 5579K [0x00000005cac00000, 0x00000005d8980000, 0x0000000718f00000)
  object space 226816K, 2% used [0x00000005cac00000,0x00000005cb172eb0,0x00000005d8980000)
 Metaspace       used 33856K, capacity 35368K, committed 35416K, reserved 1081344K
  class space    used 4243K, capacity 4562K, committed 4608K, reserved 1048576K
Event: 4,226 GC heap after
Heap after GC invocations=5 (full 1):
 PSYoungGen      total 173568K, used 11544K [0x0000000718f00000, 0x0000000725200000, 0x00000007c0000000)
  eden space 157696K, 0% used [0x0000000718f00000,0x0000000718f00000,0x0000000722900000)
  from space 15872K, 72% used [0x0000000724280000,0x0000000724dc62d0,0x0000000725200000)
  to   space 20992K, 0% used [0x0000000722900000,0x0000000722900000,0x0000000723d80000)
 ParOldGen       total 226816K, used 5587K [0x00000005cac00000, 0x00000005d8980000, 0x0000000718f00000)
  object space 226816K, 2% used [0x00000005cac00000,0x00000005cb174eb0,0x00000005d8980000)
 Metaspace       used 33856K, capacity 35368K, committed 35416K, reserved 1081344K
  class space    used 4243K, capacity 4562K, committed 4608K, reserved 1048576K
}
Event: 4,226 GC heap before
{Heap before GC invocations=6 (full 2):
 PSYoungGen      total 173568K, used 11544K [0x0000000718f00000, 0x0000000725200000, 0x00000007c0000000)
  eden space 157696K, 0% used [0x0000000718f00000,0x0000000718f00000,0x0000000722900000)
  from space 15872K, 72% used [0x0000000724280000,0x0000000724dc62d0,0x0000000725200000)
  to   space 20992K, 0% used [0x0000000722900000,0x0000000722900000,0x0000000723d80000)
 ParOldGen       total 226816K, used 5587K [0x00000005cac00000, 0x00000005d8980000, 0x0000000718f00000)
  object space 226816K, 2% used [0x00000005cac00000,0x00000005cb174eb0,0x00000005d8980000)
 Metaspace       used 33856K, capacity 35368K, committed 35416K, reserved 1081344K
  class space    used 4243K, capacity 4562K, committed 4608K, reserved 1048576K
Event: 4,278 GC heap after
Heap after GC invocations=6 (full 2):
 PSYoungGen      total 173568K, used 0K [0x0000000718f00000, 0x0000000725200000, 0x00000007c0000000)
  eden space 157696K, 0% used [0x0000000718f00000,0x0000000718f00000,0x0000000722900000)
  from space 15872K, 0% used [0x0000000724280000,0x0000000724280000,0x0000000725200000)
  to   space 20992K, 0% used [0x0000000722900000,0x0000000722900000,0x0000000723d80000)
 ParOldGen       total 397824K, used 15131K [0x00000005cac00000, 0x00000005e3080000, 0x0000000718f00000)
  object space 397824K, 3% used [0x00000005cac00000,0x00000005cbac6e90,0x00000005e3080000)
 Metaspace       used 33856K, capacity 35368K, committed 35416K, reserved 1081344K
  class space    used 4243K, capacity 4562K, committed 4608K, reserved 1048576K
}

